
Showing logs for build [32mvpoptani-environment-mycluster-7pvrx-1[0m stage [32mfrom-build-pack[0m and container [32mstep-credential-initializer-2mmhr[0m
{"level":"info","ts":1591626155.7887795,"logger":"fallback-logger","caller":"logging/config.go:69","msg":"Fetch GitHub commit ID from kodata failed: open /var/run/ko/refs/heads/0.8.0-ns-support: no such file or directory"}
{"level":"info","ts":1591626155.7890832,"logger":"fallback-logger","caller":"creds-init/main.go:40","msg":"Credentials initialized."}

Showing logs for build [32mvpoptani-environment-mycluster-7pvrx-1[0m stage [32mfrom-build-pack[0m and container [32mstep-working-dir-initializer-gqp2m[0m
{"level":"info","ts":1591626156.794343,"logger":"fallback-logger","caller":"logging/config.go:69","msg":"Fetch GitHub commit ID from kodata failed: open /var/run/ko/HEAD: no such file or directory"}
{"level":"info","ts":1591626156.7953703,"logger":"fallback-logger","caller":"bash/main.go:64","msg":"Successfully executed command \"sh -c mkdir -p /workspace/source\"; output "}

Showing logs for build [32mvpoptani-environment-mycluster-7pvrx-1[0m stage [32mfrom-build-pack[0m and container [32mstep-place-tools[0m

Showing logs for build [32mvpoptani-environment-mycluster-7pvrx-1[0m stage [32mfrom-build-pack[0m and container [32mstep-git-source-vpoptani-environment-mycluster-7pvrx-7lm7s[0m
{"level":"info","ts":1591626161.9325862,"logger":"fallback-logger","caller":"logging/config.go:69","msg":"Fetch GitHub commit ID from kodata failed: open /var/run/ko/refs/heads/0.8.0-ns-support: no such file or directory"}
{"level":"info","ts":1591626162.230663,"logger":"fallback-logger","caller":"git/git.go:103","msg":"Successfully cloned https://github.com/********/environment-mycluster-staging.git @ v0.0.1 in path /workspace/source"}

Showing logs for build [32mvpoptani-environment-mycluster-7pvrx-1[0m stage [32mfrom-build-pack[0m and container [32mstep-git-merge[0m
Using SHAs from PULL_REFS=master:b679f6f5270f850afd6f9e8ddcf87f168317e3c9
WARNING: no SHAs to merge, falling back to initial cloned commit

Showing logs for build [32mvpoptani-environment-mycluster-7pvrx-1[0m stage [32mfrom-build-pack[0m and container [32mstep-setup-jx-git-credentials[0m
Generated Git credentials file /builder/home/git/credentials

Showing logs for build [32mvpoptani-environment-mycluster-7pvrx-1[0m stage [32mfrom-build-pack[0m and container [32mstep-build-helm-apply[0m
Modified file /workspace/source/env/Chart.yaml to set the chart to version 1
Namespace **-staging created 
creating the lock configmap **-lock-**-staging
lock configmap **-lock-**-staging created
Ignoring templates/.gitignore
Ignoring templates/wildcardcert-secret.yaml
WARNING: No $CHART_REPOSITORY defined so using the default value of: http://jenkins-x-chartmuseum:8080
Adding missing Helm repo: storage.googleapis.com https://storage.googleapis.com/chartmuseum.jenkins-x.io
Successfully added Helm repository storage.googleapis.com.
Adding missing Helm repo: jenkins-x-chartmuseum http://jenkins-x-chartmuseum:8080
Successfully added Helm repository jenkins-x-chartmuseum.
WARNING: No $CHART_REPOSITORY defined so using the default value of: http://jenkins-x-chartmuseum:8080
Adding missing Helm repo: chartmuseum.jenkins-x.io http://chartmuseum.jenkins-x.io
Successfully added Helm repository chartmuseum.jenkins-x.io.

cleaning the lock configmap **-lock-**-staging
